\BOOKMARK [0][]{Contents.0}{Contents}{}% 1
\BOOKMARK [0][]{chapter*.3}{List of Figures}{}% 2
\BOOKMARK [0][]{chapter*.4}{List of Tables}{}% 3
\BOOKMARK [0][]{chapter*.5}{List of Code Listings}{}% 4
\BOOKMARK [0][]{chapter.1}{1 Introduction}{}% 5
\BOOKMARK [0][]{chapter.2}{2 Background and Related Work}{}% 6
\BOOKMARK [1][]{section.2.1}{2.1 Classification and Active Learning}{chapter.2}% 7
\BOOKMARK [1][]{section.2.2}{2.2 Generalization Performance}{chapter.2}% 8
\BOOKMARK [2][-]{subsection.2.2.1}{2.2.1 \(Expected\) prediction error, training error and loss}{section.2.2}% 9
\BOOKMARK [2][-]{subsection.2.2.2}{2.2.2 Bias and variance}{section.2.2}% 10
\BOOKMARK [2][-]{subsection.2.2.3}{2.2.3 Classifier-based estimators}{section.2.2}% 11
\BOOKMARK [2][-]{subsection.2.2.4}{2.2.4 Cross-Validation}{section.2.2}% 12
\BOOKMARK [2][-]{subsection.2.2.5}{2.2.5 Bootstrapping}{section.2.2}% 13
\BOOKMARK [1][]{section.2.3}{2.3 Learning Curves and Regression Models}{chapter.2}% 14
\BOOKMARK [2][-]{subsection.2.3.1}{2.3.1 Function families}{section.2.3}% 15
\BOOKMARK [1][]{section.2.4}{2.4 Miscellaneous}{chapter.2}% 16
\BOOKMARK [0][]{chapter.3}{3 Proposed Methods}{}% 17
\BOOKMARK [1][]{subsection.3.0.1}{3.0.1 Performance estimation on training sub-sets}{chapter.3}% 18
\BOOKMARK [0][]{chapter.4}{4 Evaluation}{}% 19
\BOOKMARK [0][]{chapter.5}{5 Conclusion and Future Work}{}% 20
\BOOKMARK [0][]{appendix.A}{A Appendix}{}% 21
\BOOKMARK [0][]{section*.8}{Bibliography}{}% 22
