\BOOKMARK [0][]{Contents.0}{Contents}{}% 1
\BOOKMARK [0][]{chapter*.3}{List of Figures}{}% 2
\BOOKMARK [0][]{chapter*.4}{List of Tables}{}% 3
\BOOKMARK [0][]{chapter*.5}{List of Code Listings}{}% 4
\BOOKMARK [0][]{chapter.1}{1 Introduction}{}% 5
\BOOKMARK [0][]{chapter.2}{2 Background and Related Work}{}% 6
\BOOKMARK [1][]{section.2.1}{2.1 Classification and Active Learning}{chapter.2}% 7
\BOOKMARK [1][]{section.2.2}{2.2 Generalization Performance}{chapter.2}% 8
\BOOKMARK [2][-]{subsection.2.2.1}{2.2.1 \(Expected\) prediction error, training error and loss}{section.2.2}% 9
\BOOKMARK [2][-]{subsection.2.2.2}{2.2.2 Bias and variance}{section.2.2}% 10
\BOOKMARK [2][-]{subsection.2.2.3}{2.2.3 Classificator-based estimators}{section.2.2}% 11
\BOOKMARK [2][-]{subsection.2.2.4}{2.2.4 Cross-Validation}{section.2.2}% 12
\BOOKMARK [2][-]{subsection.2.2.5}{2.2.5 Bootstrapping}{section.2.2}% 13
\BOOKMARK [1][]{section.2.3}{2.3 Learning Curves and Regression Models}{chapter.2}% 14
\BOOKMARK [2][-]{subsection.2.3.1}{2.3.1 Function families}{section.2.3}% 15
\BOOKMARK [2][-]{subsection.2.3.2}{2.3.2 Algorithms}{section.2.3}% 16
\BOOKMARK [0][]{chapter.3}{3 Example Chapter}{}% 17
\BOOKMARK [1][]{section.3.1}{3.1 Citation}{chapter.3}% 18
\BOOKMARK [1][]{section.3.2}{3.2 Formulas}{chapter.3}% 19
\BOOKMARK [1][]{section.3.3}{3.3 Graphics}{chapter.3}% 20
\BOOKMARK [1][]{section.3.4}{3.4 Tables}{chapter.3}% 21
\BOOKMARK [1][]{section.3.5}{3.5 Code Listings}{chapter.3}% 22
\BOOKMARK [0][]{chapter.4}{4 Evaluation}{}% 23
\BOOKMARK [0][]{chapter.5}{5 Related Work}{}% 24
\BOOKMARK [0][]{chapter.6}{6 Conclusion}{}% 25
\BOOKMARK [0][]{chapter.7}{7 Future Work}{}% 26
\BOOKMARK [0][]{appendix.A}{A Appendix}{}% 27
\BOOKMARK [0][]{section*.8}{Bibliography}{}% 28
