\BOOKMARK [0][]{chapter*.2}{Acknowledgements}{}% 1
\BOOKMARK [0][]{Contents.0}{Contents}{}% 2
\BOOKMARK [0][]{chapter*.4}{List of Figures}{}% 3
\BOOKMARK [0][]{chapter*.5}{List of Tables}{}% 4
\BOOKMARK [0][]{chapter*.6}{List of Algorithms}{}% 5
\BOOKMARK [0][]{chapter.1}{1 Introduction}{}% 6
\BOOKMARK [0][]{chapter.2}{2 Background and Related Work}{}% 7
\BOOKMARK [1][]{section.2.1}{2.1 Classification and Active Learning}{chapter.2}% 8
\BOOKMARK [1][]{section.2.2}{2.2 Generalization Performance}{chapter.2}% 9
\BOOKMARK [2][-]{subsection.2.2.1}{2.2.1 \(Expected\) prediction error, training error and loss}{section.2.2}% 10
\BOOKMARK [2][-]{subsection.2.2.2}{2.2.2 Bias and variance}{section.2.2}% 11
\BOOKMARK [2][-]{subsection.2.2.3}{2.2.3 Classifier-based estimators}{section.2.2}% 12
\BOOKMARK [2][-]{subsection.2.2.4}{2.2.4 Cross-Validation}{section.2.2}% 13
\BOOKMARK [2][-]{subsection.2.2.5}{2.2.5 Bootstrapping}{section.2.2}% 14
\BOOKMARK [1][]{section.2.3}{2.3 Learning Curves and Regression Models}{chapter.2}% 15
\BOOKMARK [2][-]{subsection.2.3.1}{2.3.1 Function families}{section.2.3}% 16
\BOOKMARK [1][]{section.2.4}{2.4 Miscellaneous}{chapter.2}% 17
\BOOKMARK [0][]{chapter.3}{3 Improving performance estimation by merging cross-validation and learning curve fitting}{}% 18
\BOOKMARK [1][]{section.3.1}{3.1 Performance estimation on training sub-sets}{chapter.3}% 19
\BOOKMARK [2][-]{subsection.3.1.1}{3.1.1 Sub-sampling of fitting points}{section.3.1}% 20
\BOOKMARK [2][-]{subsection.3.1.2}{3.1.2 Grouping of performance estimates}{section.3.1}% 21
\BOOKMARK [1][]{section.3.2}{3.2 Combining sub-estimates with curve fitting}{chapter.3}% 22
\BOOKMARK [2][-]{subsection.3.2.1}{3.2.1 Function models and fitting algorithms}{section.3.2}% 23
\BOOKMARK [2][-]{subsection.3.2.2}{3.2.2 Fitting improvements}{section.3.2}% 24
\BOOKMARK [0][]{chapter.4}{4 Evaluation}{}% 25
\BOOKMARK [1][]{section.4.1}{4.1 Objective and measurements}{chapter.4}% 26
\BOOKMARK [1][]{section.4.2}{4.2 Method selection}{chapter.4}% 27
\BOOKMARK [1][]{section.4.3}{4.3 Test environment}{chapter.4}% 28
\BOOKMARK [2][-]{subsection.4.3.1}{4.3.1 Function models}{section.4.3}% 29
\BOOKMARK [2][-]{subsection.4.3.2}{4.3.2 Active learner}{section.4.3}% 30
\BOOKMARK [2][-]{subsection.4.3.3}{4.3.3 Classifier}{section.4.3}% 31
\BOOKMARK [2][-]{subsection.4.3.4}{4.3.4 Datasets}{section.4.3}% 32
\BOOKMARK [2][-]{subsection.4.3.5}{4.3.5 Parameters}{section.4.3}% 33
\BOOKMARK [1][]{section.4.4}{4.4 Test results}{chapter.4}% 34
\BOOKMARK [2][-]{subsection.4.4.1}{4.4.1 Average Mean Error}{section.4.4}% 35
\BOOKMARK [2][-]{subsection.4.4.2}{4.4.2 Average squared error}{section.4.4}% 36
\BOOKMARK [2][-]{subsection.4.4.3}{4.4.3 Kullback-Leibler divergence}{section.4.4}% 37
\BOOKMARK [2][-]{subsection.4.4.4}{4.4.4 Computation Time}{section.4.4}% 38
\BOOKMARK [0][]{chapter.5}{5 Conclusion and Future Work}{}% 39
\BOOKMARK [0][]{section*.7}{Bibliography}{}% 40
